<fileupload size="2278876">
  <file name="public.zip" tmpfile="/home/codecroz/tmp/Cpanel_Form_file.upload.WgpNvNHhBGvd_res">
    <progress bytes="605168" bps="115179.58"></progress>
    <progress bytes="670704" bps="35097.02"></progress>
    <progress bytes="736240" bps="54471.12"></progress>
    <progress bytes="801776" bps="71519.31"></progress>
    <progress bytes="867312" bps="76093.17"></progress>
    <progress bytes="932848" bps="89542.53"></progress>
    <progress bytes="998384" bps="100866.05"></progress>
    <progress bytes="1063920" bps="99601.96"></progress>
    <progress bytes="1129456" bps="131052.87"></progress>
    <progress bytes="1194992" bps="109841.78"></progress>
    <progress bytes="1260528" bps="137905.49"></progress>
    <progress bytes="1391600" bps="138170.66"></progress>
    <progress bytes="1522672" bps="143986.91"></progress>
    <progress bytes="1653744" bps="153968.32"></progress>
    <progress bytes="1784816" bps="161795.91"></progress>
    <progress bytes="1915888" bps="169956.74"></progress>
    <progress bytes="2046960" bps="187907.96"></progress>
    <progress bytes="2178032" bps="197433.57"></progress>
    <progress bytes="2277792" bps="196974.69"></progress>
    <progress filesize="2277790" complete="1"></progress>
  </file>
</fileupload>
