<fileupload size="1343496">
  <file name="resources.zip" tmpfile="/home/codecroz/tmp/Cpanel_Form_file.upload.5pXJ0BYr9foE4IMa">
    <progress bytes="211961" bps="52995.21"></progress>
    <progress bytes="277497" bps="78210.57"></progress>
    <progress bytes="343033" bps="83083.69"></progress>
    <progress bytes="408569" bps="92240.31"></progress>
    <progress bytes="474105" bps="100602.82"></progress>
    <progress bytes="539641" bps="112798.04"></progress>
    <progress bytes="605177" bps="119023.06"></progress>
    <progress bytes="670713" bps="117326.29"></progress>
    <progress bytes="736249" bps="130847.47"></progress>
    <progress bytes="801785" bps="145788.47"></progress>
    <progress bytes="932857" bps="137908.54"></progress>
    <progress bytes="1063929" bps="159696.28"></progress>
    <progress bytes="1195001" bps="172460.21"></progress>
    <progress bytes="1326073" bps="184784.65"></progress>
    <progress bytes="1342421" bps="232450.34"></progress>
    <progress filesize="1342419" complete="1"></progress>
  </file>
</fileupload>
